22:48:52 [captcha] HandleLogin: captcha="" (len=0) hasSavedClient=true
22:48:52 [captcha] FullLogin: captcha="" (len=0) captchaCASURL set=false
22:48:52 [captcha] storing CAS session, casURL= https://login.xjtu.edu.cn/cas/login?service=https%3A%2F%2Fxkfw.xjtu.edu.cn%2Fxsx execution= ac2d247a-6764-424f-80ac-81f173c40b94_ZXl
22:48:53 [sel] CheckCapacity 202520262CUIC40032001: status=200 url=https://xkfw.xjtu.edu.cn/xsxkapp/sys/xsxkapp/elective/teachingclass/capacity.do?capacitySuffix=&teachingClassId=202520262CUIC40032001&timestamp=1781448533555&xh=2233710045 token=acc031d0-373c-47de-a
22:48:53 [sel] CheckCapacity 202520262CUIC40032001: 75/83 hasRoom=true
22:48:53 [sel] Volunteer 202520262CUIC40032001: status=200 body={"data":null,"code":"2","msg":"该课程与已选课程时间冲突","timestamp":"4","map":null}
22:48:53 [sel] CheckCapacity 202520262CUIC40032001: status=200 url=https://xkfw.xjtu.edu.cn/xsxkapp/sys/xsxkapp/elective/teachingclass/capacity.do?capacitySuffix=&teachingClassId=202520262CUIC40032001&timestamp=1781448533778&xh=2233710045 token=acc031d0-373c-47de-a
22:48:53 [sel] CheckCapacity 202520262CUIC40032001: 75/83 hasRoom=true
22:48:53 [sel] Volunteer 202520262CUIC40032001: status=200 body={"data":null,"code":"2","msg":"该课程与已选课程时间冲突","timestamp":"3","map":null}
22:48:54 [sel] CheckCapacity 202520262CUIC40032001: status=200 url=https://xkfw.xjtu.edu.cn/xsxkapp/sys/xsxkapp/elective/teachingclass/capacity.do?capacitySuffix=&teachingClassId=202520262CUIC40032001&timestamp=1781448533996&xh=2233710045 token=acc031d0-373c-47de-a
22:48:54 [sel] CheckCapacity 202520262CUIC40032001: 75/83 hasRoom=true
22:48:54 [sel] Volunteer 202520262CUIC40032001: status=200 body={"data":null,"code":"2","msg":"该课程与已选课程时间冲突","timestamp":"3","map":null}
22:48:54 [sel] CheckCapacity 202520262CUIC40032001: status=200 url=https://xkfw.xjtu.edu.cn/xsxkapp/sys/xsxkapp/elective/teachingclass/capacity.do?capacitySuffix=&teachingClassId=202520262CUIC40032001&timestamp=1781448534209&xh=2233710045 token=acc031d0-373c-47de-a
22:48:54 [sel] CheckCapacity 202520262CUIC40032001: 75/83 hasRoom=true
22:48:54 [sel] Volunteer 202520262CUIC40032001: status=200 body={"data":null,"code":"2","msg":"该课程与已选课程时间冲突","timestamp":"3","map":null}
22:48:54 [sel] CheckCapacity 202520262CUIC40032001: status=200 url=https://xkfw.xjtu.edu.cn/xsxkapp/sys/xsxkapp/elective/teachingclass/capacity.do?capacitySuffix=&teachingClassId=202520262CUIC40032001&timestamp=1781448534428&xh=2233710045 token=acc031d0-373c-47de-a
22:48:54 [sel] CheckCapacity 202520262CUIC40032001: 75/83 hasRoom=true
22:48:54 [sel] Volunteer 202520262CUIC40032001: status=200 body={"data":null,"code":"2","msg":"该课程与已选课程时间冲突","timestamp":"26","map":null}
22:48:54 [sel] CheckCapacity 202520262CUIC40032001: status=200 url=https://xkfw.xjtu.edu.cn/xsxkapp/sys/xsxkapp/elective/teachingclass/capacity.do?capacitySuffix=&teachingClassId=202520262CUIC40032001&timestamp=1781448534672&xh=2233710045 token=acc031d0-373c-47de-a
22:48:54 [sel] CheckCapacity 202520262CUIC40032001: 75/83 hasRoom=true
22:48:54 [sel] Volunteer 202520262CUIC40032001: status=200 body={"data":null,"code":"2","msg":"该课程与已选课程时间冲突","timestamp":"6","map":null}
22:48:54 [sel] CheckCapacity 202520262CUIC40032001: status=200 url=https://xkfw.xjtu.edu.cn/xsxkapp/sys/xsxkapp/elective/teachingclass/capacity.do?capacitySuffix=&teachingClassId=202520262CUIC40032001&timestamp=1781448534898&xh=2233710045 token=acc031d0-373c-47de-a
22:48:54 [sel] CheckCapacity 202520262CUIC40032001: 75/83 hasRoom=true
22:48:55 [sel] Volunteer 202520262CUIC40032001: status=200 body={"data":null,"code":"2","msg":"该课程与已选课程时间冲突","timestamp":"4","map":null}
22:48:55 [sel] CheckCapacity 202520262CUIC40032001: status=200 url=https://xkfw.xjtu.edu.cn/xsxkapp/sys/xsxkapp/elective/teachingclass/capacity.do?capacitySuffix=&teachingClassId=202520262CUIC40032001&timestamp=1781448535121&xh=2233710045 token=acc031d0-373c-47de-a
22:48:55 [sel] CheckCapacity 202520262CUIC40032001: 75/83 hasRoom=true
22:48:55 [sel] Volunteer 202520262CUIC40032001: status=200 body={"data":null,"code":"2","msg":"该课程与已选课程时间冲突","timestamp":"5","map":null}
22:48:55 [sel] CheckCapacity 202520262CUIC40032001: status=200 url=https://xkfw.xjtu.edu.cn/xsxkapp/sys/xsxkapp/elective/teachingclass/capacity.do?capacitySuffix=&teachingClassId=202520262CUIC40032001&timestamp=1781448535370&xh=2233710045 token=acc031d0-373c-47de-a
22:48:55 [sel] CheckCapacity 202520262CUIC40032001: 75/83 hasRoom=true
22:48:55 [sel] Volunteer 202520262CUIC40032001: status=200 body={"data":null,"code":"2","msg":"该课程与已选课程时间冲突","timestamp":"3","map":null}
22:48:55 [sel] CheckCapacity 202520262CUIC40032001: status=200 url=https://xkfw.xjtu.edu.cn/xsxkapp/sys/xsxkapp/elective/teachingclass/capacity.do?capacitySuffix=&teachingClassId=202520262CUIC40032001&timestamp=1781448535652&xh=2233710045 token=acc031d0-373c-47de-a
22:48:55 [sel] CheckCapacity 202520262CUIC40032001: 75/83 hasRoom=true
22:48:55 [sel] Volunteer 202520262CUIC40032001: status=200 body={"data":null,"code":"2","msg":"该课程与已选课程时间冲突","timestamp":"5","map":null}
22:48:55 [sel] CheckCapacity 202520262CUIC40032001: status=200 url=https://xkfw.xjtu.edu.cn/xsxkapp/sys/xsxkapp/elective/teachingclass/capacity.do?capacitySuffix=&teachingClassId=202520262CUIC40032001&timestamp=1781448535872&xh=2233710045 token=acc031d0-373c-47de-a
22:48:55 [sel] CheckCapacity 202520262CUIC40032001: 75/83 hasRoom=true
22:48:56 [sel] Volunteer 202520262CUIC40032001: status=200 body={"data":null,"code":"2","msg":"该课程与已选课程时间冲突","timestamp":"21","map":null}
22:48:56 [sel] CheckCapacity 202520262CUIC40032001: status=200 url=https://xkfw.xjtu.edu.cn/xsxkapp/sys/xsxkapp/elective/teachingclass/capacity.do?capacitySuffix=&teachingClassId=202520262CUIC40032001&timestamp=1781448536110&xh=2233710045 token=acc031d0-373c-47de-a
22:48:56 [sel] CheckCapacity 202520262CUIC40032001: 75/83 hasRoom=true
22:48:56 [sel] Volunteer 202520262CUIC40032001: status=200 body={"data":null,"code":"2","msg":"该课程与已选课程时间冲突","timestamp":"3","map":null}
22:48:56 [sel] CheckCapacity 202520262CUIC40032001: status=200 url=https://xkfw.xjtu.edu.cn/xsxkapp/sys/xsxkapp/elective/teachingclass/capacity.do?capacitySuffix=&teachingClassId=202520262CUIC40032001&timestamp=1781448536325&xh=2233710045 token=acc031d0-373c-47de-a
22:48:56 [sel] CheckCapacity 202520262CUIC40032001: 75/83 hasRoom=true
22:48:56 [sel] Volunteer 202520262CUIC40032001: status=200 body={"data":null,"code":"2","msg":"该课程与已选课程时间冲突","timestamp":"5","map":null}
22:48:56 [sel] CheckCapacity 202520262CUIC40032001: status=200 url=https://xkfw.xjtu.edu.cn/xsxkapp/sys/xsxkapp/elective/teachingclass/capacity.do?capacitySuffix=&teachingClassId=202520262CUIC40032001&timestamp=1781448536544&xh=2233710045 token=acc031d0-373c-47de-a
22:48:56 [sel] CheckCapacity 202520262CUIC40032001: 75/83 hasRoom=true
